[ytb-dl](fail) Secret of Mana --> https://www.youtube.com/watch?v=fv3WSSku0WU
[ytb-dl](fail) Phantasy Star II --> http://www.youtube.com/watch?v=2thohedmteQ
[ytb-dl](fail) Phantasy Star IV : The End of the Millennium --> http://www.youtube.com/watch?v=elqP9ZnDyf8
[ytb-dl](fail) Streets of Rage 3 --> http://www.youtube.com/watch?v=8P0Fbfy3SWU
[ytb-dl](fail) Golden Axe II --> http://www.youtube.com/watch?v=vDA0YAvgJfs
[ytb-dl](fail) Golden Axe III --> http://www.youtube.com/watch?v=xHmwcEwSN4k
[ytb-dl](fail) Final Fantasy --> https://www.youtube.com/watch?v=V6mHxE9cRX4
[ytb-dl](fail) Final Fantasy IV --> http://www.youtube.com/watch?v=g_a4lNJXRYc
[ytb-dl](fail) Final Fantasy V --> http://www.youtube.com/watch?v=tZCXQRIZpUQ
[ytb-dl](fail) Mystic Quest Legend --> http://www.youtube.com/watch?v=er0cGN8cO6w
[ytb-dl](fail) Final Fantasy Tactics --> http://www.youtube.com/watch?v=rVrQv36YFgg
[ytb-dl](fail) Final Fantasy IX --> https://www.youtube.com/watch?v=HZ9O1Gh58vI
[ytb-dl](fail) Chrono Trigger --> http://www.youtube.com/watch?v=1cZeMdFWpEI
[ytb-dl](fail) Romancing SaGa 3 --> https://www.youtube.com/watch?v=VxgLPrbSg-U
[ytb-dl](fail) Bahamut Lagoon --> https://www.youtube.com/watch?v=q-CT6_cfrRU
[ytb-dl](fail) Threads of Fate --> https://www.youtube.com/watch?v=Ql43f497qzA
[ytb-dl](fail) Suikoden --> https://www.youtube.com/watch?v=by4ex5KsnQU
[ytb-dl](fail) Vandal Hearts --> https://www.youtube.com/watch?v=fOYnuqib7os
[ytb-dl](fail) Star Ocean : The Second Story --> http://www.youtube.com/watch?v=ydnulGcwPo0
[ytb-dl](fail) Power Strike --> https://www.youtube.com/watch?v=SpRd7w_fwso
[ytb-dl](fail) Super Aleste --> http://www.youtube.com/watch?v=kEpNsbnjej8
[ytb-dl](fail) Shining Force II --> http://www.youtube.com/watch?v=gMC7m3KnPeo
[ytb-dl](fail) Shining Force Gaiden : Final Conflict --> https://www.youtube.com/watch?v=X6cxYoRIcUo
[ytb-dl](fail) The Revenge of Shinobi --> https://www.youtube.com/watch?v=xrNGaClSU20
[ytb-dl](fail) Shinobi III : Return of the Ninja Master --> https://www.youtube.com/watch?v=hf2eEjdDNNU
[ytb-dl](fail) DuckTales : La Bande à Picsou --> http://www.youtube.com/watch?v=MPkhhLC1tf8
[ytb-dl](fail) Mega Man 2 --> http://www.youtube.com/watch?v=HFKtYCcMWT4
[ytb-dl](fail) Ys : Book I & II --> http://www.youtube.com/watch?v=-glsntzU0Q4
[ytb-dl](fail) Langrisser II --> https://www.youtube.com/watch?v=JvkCRCJyrus
[ytb-dl](fail) Herzog Zwei --> http://www.youtube.com/watch?v=C_z2hdgLAto
[ytb-dl](fail) Thunder Force II --> http://www.youtube.com/watch?v=oIqxYhSW74U
[ytb-dl](fail) Thunder Force III --> http://www.youtube.com/watch?v=WcWRpJJLtpY
[ytb-dl](fail) Dragon's Fury --> http://www.youtube.com/watch?v=gwnLg9Ufz_U
[ytb-dl](fail) Castle of Illusion starring Mickey Mouse --> http://www.youtube.com/watch?v=MZ_uMTcs49A
[ytb-dl](fail) Aladdin --> http://www.youtube.com/watch?v=dNYn0H-CePY
[ytb-dl](fail) Le Roi lion --> https://www.youtube.com/watch?v=VmTJ2j6B6Bc
[ytb-dl](fail) OutRun --> http://www.youtube.com/watch?v=S7miBTOaa6M
[ytb-dl](fail) After Burner II --> http://www.youtube.com/watch?v=U4q7uHdURTo
[ytb-dl](fail) Rocket Knight Adventures --> http://www.youtube.com/watch?v=x1Hb8JVP1lU
[ytb-dl](fail) Dragon Ball Z : Ultimate Battle 22 --> https://www.youtube.com/watch?v=QzB3M0em_zQ
[ytb-dl](fail) Alisia Dragoon --> http://www.youtube.com/watch?v=DBm2_IWK8gw
[ytb-dl](fail) Teenage Mutant Hero Turtles IV : Turtles in Time --> http://www.youtube.com/watch?v=ftggfe9IpNQ
[ytb-dl](fail) La Légende de Thor --> http://www.youtube.com/watch?v=9fKPt-FCMzw
[ytb-dl](fail) Master of Monsters --> http://www.youtube.com/watch?v=uH-Q5Yc2Jfk
[ytb-dl](fail) Lufia & the Fortress of Doom --> https://www.youtube.com/watch?v=GzBsFGh6zoc
[ytb-dl](fail) Super Mario Bros. --> https://www.youtube.com/watch?v=5uxteLFHYRc
[ytb-dl](fail) Super Mario 64 --> https://www.youtube.com/watch?v=LpOP0L3A7_Q
[ytb-dl](fail) Super Mario Kart --> http://www.youtube.com/watch?v=GolvMA4ZBTs
[ytb-dl](fail) Warcraft II : Tides of Darkness --> http://www.youtube.com/watch?v=969FBiYlaU8
[ytb-dl](fail) Journey to Silius --> http://www.youtube.com/watch?v=F6sjYt6EJVw
[ytb-dl](fail) Out Zone --> https://www.youtube.com/watch?v=WHWq80sjYQc
[ytb-dl](fail) Hellfire --> https://www.youtube.com/watch?v=EXtAKsvEEVU
[ytb-dl](fail) Rayforce --> https://www.youtube.com/watch?v=Z30Zr9M-rhE
[ytb-dl](fail) Earthbound Beginnings --> https://www.youtube.com/watch?v=QYqDCPg7GPE
[ytb-dl](fail) EarthBound --> http://www.youtube.com/watch?v=mjDooY1zye8
[ytb-dl](fail) Kid Chameleon --> http://www.youtube.com/watch?v=PpI89Uh7vzE
[ytb-dl](fail) Wonder Boy in Monster World --> https://www.youtube.com/watch?v=CmIVQmgxMWU
[ytb-dl](fail) Gunstar Heroes --> http://www.youtube.com/watch?v=llYE6sdemjs
[ytb-dl](fail) Comix Zone --> http://www.youtube.com/watch?v=ZAyRic3ZW0Y
[ytb-dl](fail) Super Ghouls'n Ghosts --> http://www.youtube.com/watch?v=4URokdL-dfM
[ytb-dl](fail) The King of Fighters '96 --> http://www.youtube.com/watch?v=6hi6_jguKwU
[ytb-dl](fail) The Last Blade 2 --> http://www.youtube.com/watch?v=tcMya2Rftus
[ytb-dl](fail) Valis: The Fantasm Soldier --> http://www.youtube.com/watch?v=ofcUfDALHDQ
[ytb-dl](fail) Valis II --> http://www.youtube.com/watch?v=HhEogl0xkpk
[ytb-dl](fail) Valis III --> http://www.youtube.com/watch?v=mxnGcBzN-8s
[ytb-dl](fail) Valis IV --> https://www.youtube.com/watch?v=lL93qU1Sf7
[ytb-dl](fail) El Viento --> https://www.youtube.com/watch?v=bKqHgRfGSGw
[ytb-dl](fail) Arcus Odyssey --> https://www.youtube.com/watch?v=_3Nji4minSU
[ytb-dl](fail) Super Adventure Island --> http://www.youtube.com/watch?v=-EHLnIA6Xso
[ytb-dl](fail) Rusty --> http://www.youtube.com/watch?v=M14yFhVR8NM
[ytb-dl](fail) Magical Chase --> http://www.youtube.com/watch?v=JyUT1lxTbfE
[ytb-dl](fail) Super Star Soldier --> http://www.youtube.com/watch?v=f9Lmm70iugs
[ytb-dl](fail) Rayxanber III --> http://www.youtube.com/watch?v=IO_sOEa1gY8
[ytb-dl](fail) Jewel Master --> http://www.youtube.com/watch?v=3xAA-V5KdV0
[ytb-dl](fail) Lotus Esprit Turbo Challenge --> http://www.youtube.com/watch?v=z7LJWJ4kwK8
[ytb-dl](fail) Turrican 2 : The Final Fight --> https://www.youtube.com/watch?v=Y9f_BOlifeI
[ytb-dl](fail) Mega Turrican --> https://www.youtube.com/watch?v=xdY4EKAcW4Q
[ytb-dl](fail) The Great Giana Sisters --> http://www.youtube.com/watch?v=6kr6wf9R8ik
[ytb-dl](fail) Z-OUT --> https://www.youtube.com/watch?v=bRknhGe3_GE
[ytb-dl](fail) Mystery Dungeon : Shiren the Wanderer --> https://www.youtube.com/watch?v=SOxAsmpZwVo
[ytb-dl](fail) WipEout 2097 --> http://www.youtube.com/watch?v=5BWhUqV5iA4
[ytb-dl](fail) Perfect Dark --> http://www.youtube.com/watch?v=wPZgCJwBSgI
[ytb-dl](fail) Ridge Racer --> https://www.youtube.com/watch?v=UU6zSgJgPsQ
[ytb-dl](fail) Ridge Racer Type 4 --> http://www.youtube.com/watch?v=waRwDnGh32I
[ytb-dl](fail) Tekken 2 --> https://www.youtube.com/watch?v=uHpj_vGaSJw
[ytb-dl](fail) Tekken 3 --> https://www.youtube.com/watch?v=aN1fYGaRpiM
[ytb-dl](fail) Rival Schools : United by Fate --> https://www.youtube.com/watch?v=6pkxJCy9KTo
[ytb-dl](fail) SoulBlade --> http://www.youtube.com/watch?v=S5vKw1V9kjA
[ytb-dl](fail) Mortal Kombat --> https://www.youtube.com/watch?v=EKCRCKk3leo
[ytb-dl](fail) Mortal Kombat II --> https://www.youtube.com/watch?v=P2cXnAPPmzM
[ytb-dl](fail) Mobile Suit Gundam Wing : Endless Duel --> https://www.youtube.com/watch?v=AYNKr34kymE
[ytb-dl](fail) Romancia : Dragon Slayer Jr. --> https://ia801901.us.archive.org/21/items/Saladedemais_-_VGM_Best_PC88-PC98/07.%20Romancia%20Castle%20%5BRomancia%20-%20PC88%5D.mp3
[ytb-dl](fail) Thrice --> https://www.youtube.com/watch?v=_yKYbz1k6dI
[ytb-dl](fail) Xanadu Scenario II --> https://www.youtube.com/watch?v=XZdv3HX5vz8
[ytb-dl](fail) Algarna --> https://www.youtube.com/watch?v=jAWGJ8U5wGs
[ytb-dl](fail) Final Zone --> https://www.youtube.com/watch?v=lwzAGhJK2-w
[ytb-dl](fail) Daytona USA --> https://www.youtube.com/watch?v=igpOzhAkKhw
[ytb-dl](fail) Red Zone --> https://www.youtube.com/watch?v=eqGzxUIpoPU
[ytb-dl](fail) Duke Nukem 3D --> https://www.youtube.com/watch?v=5RH2_9ah7pk
[ytb-dl](fail) Earthworm Jim --> https://www.youtube.com/watch?v=ZqbzRwrZZ5k
[ytb-dl](fail) Earthworm Jim 2 --> https://www.youtube.com/watch?v=H7DZ5Utuq58
[ytb-dl](fail) Command & Conquer : Alerte Rouge --> https://www.youtube.com/watch?v=Tb-gI_pFog0
[ytb-dl](fail) Global Gladiators --> https://www.youtube.com/watch?v=HcKAX7aYlz4
[ytb-dl](fail) CheetahMen II --> https://www.youtube.com/watch?v=BkmbbZZOgKg
[ytb-dl](fail) Road Rash --> https://www.youtube.com/watch?v=vcs9-nIIO0Y
[ytb-dl](fail) Road Rash II --> http://www.youtube.com/watch?v=8_BUH1ew0ro
[ytb-dl](fail) Road Rash 3 --> https://www.youtube.com/watch?v=Pk5vvPZyYCc
[ytb-dl](fail) One Man and his Droid --> https://www.youtube.com/watch?v=D9CwsOOjNAo
[ytb-dl](fail) Realms of Arkania : Star Trail --> https://www.youtube.com/watch?v=5my0MjmtaH8
[ytb-dl](fail) The Lord of the Rings : Volume 1 --> https://www.youtube.com/watch?v=8MjJFAjIH3I
[ytb-dl](fail) Quake II --> https://www.youtube.com/watch?v=IpndTkxFkVY
[ytb-dl](fail) Ishar --> https://www.youtube.com/watch?v=bM_9BBQpQVo
[ytb-dl](fail) The Secret of Monkey Island --> https://www.youtube.com/watch?v=G7fRA_ep5Dw
[ytb-dl](fail) Day of the Tentacle --> https://www.youtube.com/watch?v=66fgB8g4zPc
[ytb-dl](fail) Wolfchild --> https://www.youtube.com/watch?v=XOnCICoRzfQ
[ytb-dl](fail) Verytex --> https://www.youtube.com/watch?v=8KfPM8xJWgM
[ytb-dl](fail) Pop'n TwinBee --> https://www.youtube.com/watch?v=pi9anAi327Q
[ytb-dl](fail) Detana Twinbee Yahoo-! Deluxe Pack --> https://www.youtube.com/watch?v=JRU6BqcQtzM
[ytb-dl](fail) Boogerman --> https://www.youtube.com/watch?v=7Yo69A2ONg0
[ytb-dl](fail) European Club Soccer --> https://www.youtube.com/watch?v=lrWY-J2E7-8
[ytb-dl](fail) Ecco the Dolphin --> https://www.youtube.com/watch?v=BcfAwgPhMko
[ytb-dl](fail) Guardian Heroes --> https://www.youtube.com/watch?v=VtY51tYZq1s
[ytb-dl](fail) Dragon Force II --> http://downloads.khinsider.com/game-soundtracks/album/dragon-force-2-original-soundtrack/54-ending-theme.mp3
[ytb-dl](fail) Final Fantasy Legend --> https://www.youtube.com/watch?v=_sn4OQGFLR4
[ytb-dl](fail) Final Fantasy Legend II --> https://www.youtube.com/watch?v=ZneMKt58A88
[ytb-dl](fail) SaGa Frontier 2 --> https://www.youtube.com/watch?v=FoxQd4EDTOI
[ytb-dl](fail) Backgammon --> https://www.youtube.com/watch?v=CP7XRFPWXKs
[ffmpeg](fail) /tmp/retro-songs/tmp/Battletoads & Double Dragon (SNES) - Stage 1.m4a
[ffmpeg](fail) /tmp/retro-songs/tmp/Castlevania II - Simon's Quest - Bloody Tears.m4a
[ffmpeg](fail) /tmp/retro-songs/tmp/Donkey Kong Country 3 OST Baddies Parade.m4a
[ffmpeg](fail) /tmp/retro-songs/tmp/Donkey Kong Country 3 OST Big Boss Blues.m4a
[ffmpeg](fail) /tmp/retro-songs/tmp/Donkey Kong Country 3 OST Bonus Lose.m4a
[ffmpeg](fail) /tmp/retro-songs/tmp/Donkey Kong Country 3 OST Bonus Time!.m4a
[ffmpeg](fail) /tmp/retro-songs/tmp/Donkey Kong Country 3 OST Bonus Win.m4a
[ffmpeg](fail) /tmp/retro-songs/tmp/Donkey Kong Country 3 OST Boss Boogie.m4a
[ffmpeg](fail) /tmp/retro-songs/tmp/Donkey Kong Country 3 OST Brothers Bears.m4a
[ffmpeg](fail) /tmp/retro-songs/tmp/Donkey Kong Country 3 OST Cascade Capers.m4a
[ffmpeg](fail) /tmp/retro-songs/tmp/Donkey Kong Country 3 OST Cavern Caprise.m4a
[ffmpeg](fail) /tmp/retro-songs/tmp/Donkey Kong Country 3 OST Chase.m4a
[ffmpeg](fail) /tmp/retro-songs/tmp/Donkey Kong Country 3 OST Cranky's Showdown.m4a
[ffmpeg](fail) /tmp/retro-songs/tmp/Donkey Kong Country 3 OST Crazy Calypso.m4a
[ffmpeg](fail) /tmp/retro-songs/tmp/Donkey Kong Country 3 OST Crystal Chasm.m4a
[ffmpeg](fail) /tmp/retro-songs/tmp/Donkey Kong Country 3 OST Dixie Beat.m4a
[ffmpeg](fail) /tmp/retro-songs/tmp/Donkey Kong Country 3 OST Enchanted Riverback.m4a
[ffmpeg](fail) /tmp/retro-songs/tmp/Donkey Kong Country 3 OST Frosty Frolics.m4a
[ffmpeg](fail) /tmp/retro-songs/tmp/Donkey Kong Country 3 OST Game Over.m4a
[ffmpeg](fail) /tmp/retro-songs/tmp/Donkey Kong Country 3 OST Get Fit A-Go-Go.m4a
[ffmpeg](fail) /tmp/retro-songs/tmp/Donkey Kong Country 3 OST Hanging at Funky's.m4a
[ffmpeg](fail) /tmp/retro-songs/tmp/Donkey Kong Country 3 OST Hot Pursuit.m4a
[ffmpeg](fail) /tmp/retro-songs/tmp/Donkey Kong Country 3 OST Jungle Bells.m4a
[ffmpeg](fail) /tmp/retro-songs/tmp/Donkey Kong Country 3 OST Jungle Jitter.m4a
[ffmpeg](fail) /tmp/retro-songs/tmp/Donkey Kong Country 3 OST Krematoa Koncerto.m4a
[ffmpeg](fail) /tmp/retro-songs/tmp/Donkey Kong Country 3 OST Mama Bird.m4a
[ffmpeg](fail) /tmp/retro-songs/tmp/Donkey Kong Country 3 OST Mill Fever.m4a
[ffmpeg](fail) /tmp/retro-songs/tmp/Donkey Kong Country 3 OST Northern Kremisphere.m4a
[ffmpeg](fail) /tmp/retro-songs/tmp/Donkey Kong Country 3 OST Nuts N' Bolts.m4a
[ffmpeg](fail) /tmp/retro-songs/tmp/Donkey Kong Country 3 OST Pokey Pipes.m4a
[ffmpeg](fail) /tmp/retro-songs/tmp/Donkey Kong Country 3 OST Rareware Fanfare 3.m4a
[ffmpeg](fail) /tmp/retro-songs/tmp/Donkey Kong Country 3 OST Rocket Run.m4a
[ffmpeg](fail) /tmp/retro-songs/tmp/Donkey Kong Country 3 OST Rockface Rumble.m4a
[ffmpeg](fail) /tmp/retro-songs/tmp/Donkey Kong Country 3 OST Showdown Lose.m4a
[ffmpeg](fail) /tmp/retro-songs/tmp/Donkey Kong Country 3 OST Showdown Win.m4a
[ffmpeg](fail) /tmp/retro-songs/tmp/Donkey Kong Country 3 OST Stilt Village.m4a
[ffmpeg](fail) /tmp/retro-songs/tmp/Donkey Kong Country 3 OST Submap Shuffle.m4a
[ffmpeg](fail) /tmp/retro-songs/tmp/Donkey Kong Country 3 OST Swanky's Sideshow.m4a
[ffmpeg](fail) /tmp/retro-songs/tmp/Donkey Kong Country 3 OST Treetop Trumble.m4a
[ffmpeg](fail) /tmp/retro-songs/tmp/Donkey Kong Country 3 OST Water World.m4a
[ffmpeg](fail) /tmp/retro-songs/tmp/Donkey Kong Country 3 OST Wrinkly 64.m4a
[ffmpeg](fail) /tmp/retro-songs/tmp/Donkey Kong Country 3 OST Wrinkly's Save Cave.m4a
[ffmpeg](fail) /tmp/retro-songs/tmp/Donkey Kong Country OST 9 Aquatic Ambiance.m4a
[ffmpeg](fail) /tmp/retro-songs/tmp/Dragon Warrior II - Overworld.m4a
[ffmpeg](fail) /tmp/retro-songs/tmp/MegaMan 6 OST  - Blizzard Man Stage.m4a
[ffmpeg](fail) /tmp/retro-songs/tmp/Megaman X - Spark Mandrill.m4a
[ffmpeg](fail) /tmp/retro-songs/tmp/Ninja Gaiden (NES) - Act 4-2.m4a
